[ 08-09-05 10:44:08 ]
Array
(
)

[ 08-09-05 10:44:13 ]
Array
(
)

[ 08-09-05 10:44:15 ]
Array
(
)

[ 08-09-05 10:45:08 ]
Array
(
)

[ 08-09-05 13:13:25 ]
Array
(
)

[ 08-09-05 13:13:51 ]
Array
(
)

[ 08-09-05 13:14:04 ]
Array
(
    [0] => Array
        (
            [0] => 00001
            [fc_tm] => 00001
            [1] => 名称
            [fvc_mc] => 名称
            [2] => 制造厂
            [fvc_zzc] => 制造厂
            [3] => 型式
            [fc_xs] => 型式
            [4] => 制造号
            [fvc_zzh] => 制造号
            [5] => 出厂日期
            [fsd_ccrq] => 出厂日期
            [6] => 1
            [fc_jg] => 1
            [7] => 1
            [fc_xb] => 1
            [8] => 1
            [fn_ygwg] => 1
            [9] => 0
            [fn_fx] => 0
            [10] => 0
            [fc_znq] => 0
            [11] => 1
            [fc_jrfs] => 1
            [12] => 电压
            [fc_dy] => 电压
            [13] => 电流
            [fc_dl] => 电流
            [14] => 500
            [fn_pl] => 500
            [15] => 1000
            [fn_cs] => 1000
            [16] => 300
            [fn_cs_wg] => 300
            [17] => 1 级
            [fc_dj] => 1 级
            [18] => 2 级
            [fc_dj_wg] => 2 级
        )

    [1] => Array
        (
            [0] => 00002
            [fc_tm] => 00002
            [1] => 名称2
            [fvc_mc] => 名称2
            [2] => 制造厂2
            [fvc_zzc] => 制造厂2
            [3] => 型式2
            [fc_xs] => 型式2
            [4] => 制造号2
            [fvc_zzh] => 制造号2
            [5] => 出厂日期2
            [fsd_ccrq] => 出厂日期2
            [6] => 1
            [fc_jg] => 1
            [7] => 1
            [fc_xb] => 1
            [8] => 1
            [fn_ygwg] => 1
            [9] => 0
            [fn_fx] => 0
            [10] => 0
            [fc_znq] => 0
            [11] => 1
            [fc_jrfs] => 1
            [12] => 电压2
            [fc_dy] => 电压2
            [13] => 电流2
            [fc_dl] => 电流2
            [14] => 500
            [fn_pl] => 500
            [15] => 1000
            [fn_cs] => 1000
            [16] => 300
            [fn_cs_wg] => 300
            [17] => 1 级2
            [fc_dj] => 1 级2
            [18] => 2 级2
            [fc_dj_wg] => 2 级2
        )

)

