[ 08-09-27 09:55:11 ]
StocksManager.getInfoByCode Exception:exception 'Exception' with message 'exception 'Exception' with message 'exception 'Exception' with message 'exception 'Exception' in /opt/APP/FPW_1.1/Lib/FPW/Db/Driver/Db_Sybase.class.php:66
Stack trace:
#0 /opt/APP/FPW_1.1/Lib/FPW/Db/Db.class.php(370): Db_Sybase->connect()
#1 /opt/APP/FPW_1.1/Common/functions.php(236): Db->connect(Array)
#2 /opt/APP/FPW_1.1/Lib/FPW/Db/Db.class.php(331): get_instance_of()
#3 /opt/APP/FPW_1.1/Lib/FPW/Core/Dao.class.php(146): Db::getInstance(Array, Array)
#4 /opt/APP/StocksAPP/Lib/Action/Interface/BXIF.class.php(14): Dao->__construct('Db', 'connect', Array, '35d1f7b66bb22fc...')
#5 /opt/APP/StocksAPP/Lib/Action/Interface/MIS.class.php(33): BXIF->getInfoByCode(Array)
#6 /opt/APP/StocksAPP/Lib/Action/Code/CodeInfo.class.php(11): MIS->getInfoByCode('', 'jk_dnb_hgk_send', '', false, Array)
#7 /opt/APP/StocksAPP/Services/StocksManager/StocksManager.php(207): CodeInfo->getInfoByCode('15JAB9001', Array)
#8 [internal function]: StocksManager->getInfoByCode('15JAB9001')
#9 /opt/APP/FPW_1.1/Lib/AMF/shared/app/php5Executive.php(127): call_user_func_array('15JAB9001')
#10 /opt/APP/FPW_1.1/Lib/AMF/shared/app/php5Executive.php(59): Executive::deferredMethodCall('15JAB9001')
#11 /opt/APP/FPW_1.1/Lib/AMF/amf/app/Actions.php(208): Executive::doMethodCall(Array, Array)
#12 /opt/APP/FPW_1.1/Lib/AMF/amf/app/Filters.php(139): executionAction(Object(MessageBody), Object(StocksManager), 'getInfoByCode', Array)
#13 /opt/APP/FPW_1.1/Lib/AMF/amf/app/Gateway.php(177): batchProcessFilter(Object(MessageBody), Object(StocksManager), 'getInfoByCode', Array)
#14 /opt/APP/FPW_1.1/Lib/FPW/Core/FlexGateway.class.php(90): Gateway->service(Object(MessageBody))
#15 /opt/APP/FPW_1.1/Lib/FPW/Core/App.class.php(156): FlexGateway->run(Object(AMFObject))
#16 /opt/lampp/htdocs/StocksManager/StocksWeb/gateway.php(25): App->exec()
#17 {main}' in /opt/APP/StocksAPP/Lib/Action/Interface/BXIF.class.php:71
Stack trace:
#0 /opt/APP/StocksAPP/Lib/Action/Interface/MIS.class.php(33): BXIF->getInfoByCode('15JAB9001', Array)
#1 /opt/APP/StocksAPP/Lib/Action/Code/CodeInfo.class.php(11): MIS->getInfoByCode('15JAB9001')
#2 /opt/APP/StocksAPP/Services/StocksManager/StocksManager.php(207): CodeInfo->getInfoByCode('15JAB9001')
#3 [internal function]: StocksManager->getInfoByCode('15JAB9001')
#4 /opt/APP/FPW_1.1/Lib/AMF/shared/app/php5Executive.php(127): call_user_func_array(Array, Array)
#5 /opt/APP/FPW_1.1/Lib/AMF/shared/app/php5Executive.php(59): Executive::deferredMethodCall(Object(MessageBody), Object(StocksManager), 'getInfoByCode', Array)
#6 /opt/APP/FPW_1.1/Lib/AMF/amf/app/Actions.php(208): Executive::doMethodCall(Object(MessageBody), Object(StocksManager), 'getInfoByCode', Array)
#7 /opt/APP/FPW_1.1/Lib/AMF/amf/app/Filters.php(139): executionAction(Object(MessageBody))
#8 /opt/APP/FPW_1.1/Lib/AMF/amf/app/Gateway.php(177): batchProcessFilter(Object(AMFObject))
#9 /opt/APP/FPW_1.1/Lib/FPW/Core/FlexGateway.class.php(90): Gateway->service()
#10 /opt/APP/FPW_1.1/Lib/FPW/Core/App.class.php(156): FlexGateway->run()
#11 /opt/lampp/htdocs/StocksManager/StocksWeb/gateway.php(25): App->exec()
#12 {main}' in /opt/APP/StocksAPP/Lib/Action/Interface/MIS.class.php:39
Stack trace:
#0 /opt/APP/StocksAPP/Lib/Action/Code/CodeInfo.class.php(11): MIS->getInfoByCode('15JAB9001')
#1 /opt/APP/StocksAPP/Services/StocksManager/StocksManager.php(207): CodeInfo->getInfoByCode('15JAB9001')
#2 [internal function]: StocksManager->getInfoByCode('15JAB9001')
#3 /opt/APP/FPW_1.1/Lib/AMF/shared/app/php5Executive.php(127): call_user_func_array(Array, Array)
#4 /opt/APP/FPW_1.1/Lib/AMF/shared/app/php5Executive.php(59): Executive::deferredMethodCall(Object(MessageBody), Object(StocksManager), 'getInfoByCode', Array)
#5 /opt/APP/FPW_1.1/Lib/AMF/amf/app/Actions.php(208): Executive::doMethodCall(Object(MessageBody), Object(StocksManager), 'getInfoByCode', Array)
#6 /opt/APP/FPW_1.1/Lib/AMF/amf/app/Filters.php(139): executionAction(Object(MessageBody))
#7 /opt/APP/FPW_1.1/Lib/AMF/amf/app/Gateway.php(177): batchProcessFilter(Object(AMFObject))
#8 /opt/APP/FPW_1.1/Lib/FPW/Core/FlexGateway.class.php(90): Gateway->service()
#9 /opt/APP/FPW_1.1/Lib/FPW/Core/App.class.php(156): FlexGateway->run()
#10 /opt/lampp/htdocs/StocksManager/StocksWeb/gateway.php(25): App->exec()
#11 {main}' in /opt/APP/StocksAPP/Lib/Action/Code/CodeInfo.class.php:25
Stack trace:
#0 /opt/APP/StocksAPP/Services/StocksManager/StocksManager.php(207): CodeInfo->getInfoByCode('15JAB9001')
#1 [internal function]: StocksManager->getInfoByCode('15JAB9001')
#2 /opt/APP/FPW_1.1/Lib/AMF/shared/app/php5Executive.php(127): call_user_func_array(Array, Array)
#3 /opt/APP/FPW_1.1/Lib/AMF/shared/app/php5Executive.php(59): Executive::deferredMethodCall(Object(MessageBody), Object(StocksManager), 'getInfoByCode', Array)
#4 /opt/APP/FPW_1.1/Lib/AMF/amf/app/Actions.php(208): Executive::doMethodCall(Object(MessageBody), Object(StocksManager), 'getInfoByCode', Array)
#5 /opt/APP/FPW_1.1/Lib/AMF/amf/app/Filters.php(139): executionAction(Object(MessageBody))
#6 /opt/APP/FPW_1.1/Lib/AMF/amf/app/Gateway.php(177): batchProcessFilter(Object(AMFObject))
#7 /opt/APP/FPW_1.1/Lib/FPW/Core/FlexGateway.class.php(90): Gateway->service()
#8 /opt/APP/FPW_1.1/Lib/FPW/Core/App.class.php(156): FlexGateway->run()
#9 /opt/lampp/htdocs/StocksManager/StocksWeb/gateway.php(25): App->exec()
#10 {main}
[ 08-09-27 10:04:32 ]
StocksManager.getInfoByCode Exception:exception 'Exception' with message 'exception 'Exception' with message 'exception 'Exception' with message 'exception 'Exception' in /opt/APP/FPW_1.1/Lib/FPW/Db/Driver/Db_Sybase.class.php:66
Stack trace:
#0 /opt/APP/FPW_1.1/Lib/FPW/Db/Db.class.php(370): Db_Sybase->connect()
#1 /opt/APP/FPW_1.1/Common/functions.php(236): Db->connect(Array)
#2 /opt/APP/FPW_1.1/Lib/FPW/Db/Db.class.php(331): get_instance_of()
#3 /opt/APP/FPW_1.1/Lib/FPW/Core/Dao.class.php(146): Db::getInstance(Array, Array)
#4 /opt/APP/StocksAPP/Lib/Action/Interface/BXIF.class.php(14): Dao->__construct('Db', 'connect', Array, '35d1f7b66bb22fc...')
#5 /opt/APP/StocksAPP/Lib/Action/Interface/MIS.class.php(33): BXIF->getInfoByCode(Array)
#6 /opt/APP/StocksAPP/Lib/Action/Code/CodeInfo.class.php(11): MIS->getInfoByCode('', 'jk_dnb_hgk_send', '', false, Array)
#7 /opt/APP/StocksAPP/Services/StocksManager/StocksManager.php(207): CodeInfo->getInfoByCode('10AI000190', Array)
#8 [internal function]: StocksManager->getInfoByCode('10AI000190')
#9 /opt/APP/FPW_1.1/Lib/AMF/shared/app/php5Executive.php(127): call_user_func_array('10AI000190')
#10 /opt/APP/FPW_1.1/Lib/AMF/shared/app/php5Executive.php(59): Executive::deferredMethodCall('10AI000190')
#11 /opt/APP/FPW_1.1/Lib/AMF/amf/app/Actions.php(208): Executive::doMethodCall(Array, Array)
#12 /opt/APP/FPW_1.1/Lib/AMF/amf/app/Filters.php(139): executionAction(Object(MessageBody), Object(StocksManager), 'getInfoByCode', Array)
#13 /opt/APP/FPW_1.1/Lib/AMF/amf/app/Gateway.php(177): batchProcessFilter(Object(MessageBody), Object(StocksManager), 'getInfoByCode', Array)
#14 /opt/APP/FPW_1.1/Lib/FPW/Core/FlexGateway.class.php(90): Gateway->service(Object(MessageBody))
#15 /opt/APP/FPW_1.1/Lib/FPW/Core/App.class.php(156): FlexGateway->run(Object(AMFObject))
#16 /opt/lampp/htdocs/StocksManager/StocksWeb/gateway.php(25): App->exec()
#17 {main}' in /opt/APP/StocksAPP/Lib/Action/Interface/BXIF.class.php:71
Stack trace:
#0 /opt/APP/StocksAPP/Lib/Action/Interface/MIS.class.php(33): BXIF->getInfoByCode('10AI000190', Array)
#1 /opt/APP/StocksAPP/Lib/Action/Code/CodeInfo.class.php(11): MIS->getInfoByCode('10AI000190')
#2 /opt/APP/StocksAPP/Services/StocksManager/StocksManager.php(207): CodeInfo->getInfoByCode('10AI000190')
#3 [internal function]: StocksManager->getInfoByCode('10AI000190')
#4 /opt/APP/FPW_1.1/Lib/AMF/shared/app/php5Executive.php(127): call_user_func_array(Array, Array)
#5 /opt/APP/FPW_1.1/Lib/AMF/shared/app/php5Executive.php(59): Executive::deferredMethodCall(Object(MessageBody), Object(StocksManager), 'getInfoByCode', Array)
#6 /opt/APP/FPW_1.1/Lib/AMF/amf/app/Actions.php(208): Executive::doMethodCall(Object(MessageBody), Object(StocksManager), 'getInfoByCode', Array)
#7 /opt/APP/FPW_1.1/Lib/AMF/amf/app/Filters.php(139): executionAction(Object(MessageBody))
#8 /opt/APP/FPW_1.1/Lib/AMF/amf/app/Gateway.php(177): batchProcessFilter(Object(AMFObject))
#9 /opt/APP/FPW_1.1/Lib/FPW/Core/FlexGateway.class.php(90): Gateway->service()
#10 /opt/APP/FPW_1.1/Lib/FPW/Core/App.class.php(156): FlexGateway->run()
#11 /opt/lampp/htdocs/StocksManager/StocksWeb/gateway.php(25): App->exec()
#12 {main}' in /opt/APP/StocksAPP/Lib/Action/Interface/MIS.class.php:39
Stack trace:
#0 /opt/APP/StocksAPP/Lib/Action/Code/CodeInfo.class.php(11): MIS->getInfoByCode('10AI000190')
#1 /opt/APP/StocksAPP/Services/StocksManager/StocksManager.php(207): CodeInfo->getInfoByCode('10AI000190')
#2 [internal function]: StocksManager->getInfoByCode('10AI000190')
#3 /opt/APP/FPW_1.1/Lib/AMF/shared/app/php5Executive.php(127): call_user_func_array(Array, Array)
#4 /opt/APP/FPW_1.1/Lib/AMF/shared/app/php5Executive.php(59): Executive::deferredMethodCall(Object(MessageBody), Object(StocksManager), 'getInfoByCode', Array)
#5 /opt/APP/FPW_1.1/Lib/AMF/amf/app/Actions.php(208): Executive::doMethodCall(Object(MessageBody), Object(StocksManager), 'getInfoByCode', Array)
#6 /opt/APP/FPW_1.1/Lib/AMF/amf/app/Filters.php(139): executionAction(Object(MessageBody))
#7 /opt/APP/FPW_1.1/Lib/AMF/amf/app/Gateway.php(177): batchProcessFilter(Object(AMFObject))
#8 /opt/APP/FPW_1.1/Lib/FPW/Core/FlexGateway.class.php(90): Gateway->service()
#9 /opt/APP/FPW_1.1/Lib/FPW/Core/App.class.php(156): FlexGateway->run()
#10 /opt/lampp/htdocs/StocksManager/StocksWeb/gateway.php(25): App->exec()
#11 {main}' in /opt/APP/StocksAPP/Lib/Action/Code/CodeInfo.class.php:25
Stack trace:
#0 /opt/APP/StocksAPP/Services/StocksManager/StocksManager.php(207): CodeInfo->getInfoByCode('10AI000190')
#1 [internal function]: StocksManager->getInfoByCode('10AI000190')
#2 /opt/APP/FPW_1.1/Lib/AMF/shared/app/php5Executive.php(127): call_user_func_array(Array, Array)
#3 /opt/APP/FPW_1.1/Lib/AMF/shared/app/php5Executive.php(59): Executive::deferredMethodCall(Object(MessageBody), Object(StocksManager), 'getInfoByCode', Array)
#4 /opt/APP/FPW_1.1/Lib/AMF/amf/app/Actions.php(208): Executive::doMethodCall(Object(MessageBody), Object(StocksManager), 'getInfoByCode', Array)
#5 /opt/APP/FPW_1.1/Lib/AMF/amf/app/Filters.php(139): executionAction(Object(MessageBody))
#6 /opt/APP/FPW_1.1/Lib/AMF/amf/app/Gateway.php(177): batchProcessFilter(Object(AMFObject))
#7 /opt/APP/FPW_1.1/Lib/FPW/Core/FlexGateway.class.php(90): Gateway->service()
#8 /opt/APP/FPW_1.1/Lib/FPW/Core/App.class.php(156): FlexGateway->run()
#9 /opt/lampp/htdocs/StocksManager/StocksWeb/gateway.php(25): App->exec()
#10 {main}
[ 08-09-27 10:05:37 ]
StocksManager.getInfoByCode Exception:exception 'Exception' with message 'exception 'Exception' with message 'exception 'Exception' with message 'exception 'Exception' in /opt/APP/FPW_1.1/Lib/FPW/Db/Driver/Db_Sybase.class.php:66
Stack trace:
#0 /opt/APP/FPW_1.1/Lib/FPW/Db/Db.class.php(370): Db_Sybase->connect()
#1 /opt/APP/FPW_1.1/Common/functions.php(236): Db->connect(Array)
#2 /opt/APP/FPW_1.1/Lib/FPW/Db/Db.class.php(331): get_instance_of()
#3 /opt/APP/FPW_1.1/Lib/FPW/Core/Dao.class.php(146): Db::getInstance(Array, Array)
#4 /opt/APP/StocksAPP/Lib/Action/Interface/BXIF.class.php(14): Dao->__construct('Db', 'connect', Array, '35d1f7b66bb22fc...')
#5 /opt/APP/StocksAPP/Lib/Action/Interface/MIS.class.php(33): BXIF->getInfoByCode(Array)
#6 /opt/APP/StocksAPP/Lib/Action/Code/CodeInfo.class.php(11): MIS->getInfoByCode('', 'jk_dnb_hgk_send', '', false, Array)
#7 /opt/APP/StocksAPP/Services/StocksManager/StocksManager.php(207): CodeInfo->getInfoByCode('232312332', Array)
#8 [internal function]: StocksManager->getInfoByCode('232312332')
#9 /opt/APP/FPW_1.1/Lib/AMF/shared/app/php5Executive.php(127): call_user_func_array('232312332')
#10 /opt/APP/FPW_1.1/Lib/AMF/shared/app/php5Executive.php(59): Executive::deferredMethodCall('232312332')
#11 /opt/APP/FPW_1.1/Lib/AMF/amf/app/Actions.php(208): Executive::doMethodCall(Array, Array)
#12 /opt/APP/FPW_1.1/Lib/AMF/amf/app/Filters.php(139): executionAction(Object(MessageBody), Object(StocksManager), 'getInfoByCode', Array)
#13 /opt/APP/FPW_1.1/Lib/AMF/amf/app/Gateway.php(177): batchProcessFilter(Object(MessageBody), Object(StocksManager), 'getInfoByCode', Array)
#14 /opt/APP/FPW_1.1/Lib/FPW/Core/FlexGateway.class.php(90): Gateway->service(Object(MessageBody))
#15 /opt/APP/FPW_1.1/Lib/FPW/Core/App.class.php(156): FlexGateway->run(Object(AMFObject))
#16 /opt/lampp/htdocs/StocksManager/StocksWeb/gateway.php(25): App->exec()
#17 {main}' in /opt/APP/StocksAPP/Lib/Action/Interface/BXIF.class.php:71
Stack trace:
#0 /opt/APP/StocksAPP/Lib/Action/Interface/MIS.class.php(33): BXIF->getInfoByCode('232312332', Array)
#1 /opt/APP/StocksAPP/Lib/Action/Code/CodeInfo.class.php(11): MIS->getInfoByCode('232312332')
#2 /opt/APP/StocksAPP/Services/StocksManager/StocksManager.php(207): CodeInfo->getInfoByCode('232312332')
#3 [internal function]: StocksManager->getInfoByCode('232312332')
#4 /opt/APP/FPW_1.1/Lib/AMF/shared/app/php5Executive.php(127): call_user_func_array(Array, Array)
#5 /opt/APP/FPW_1.1/Lib/AMF/shared/app/php5Executive.php(59): Executive::deferredMethodCall(Object(MessageBody), Object(StocksManager), 'getInfoByCode', Array)
#6 /opt/APP/FPW_1.1/Lib/AMF/amf/app/Actions.php(208): Executive::doMethodCall(Object(MessageBody), Object(StocksManager), 'getInfoByCode', Array)
#7 /opt/APP/FPW_1.1/Lib/AMF/amf/app/Filters.php(139): executionAction(Object(MessageBody))
#8 /opt/APP/FPW_1.1/Lib/AMF/amf/app/Gateway.php(177): batchProcessFilter(Object(AMFObject))
#9 /opt/APP/FPW_1.1/Lib/FPW/Core/FlexGateway.class.php(90): Gateway->service()
#10 /opt/APP/FPW_1.1/Lib/FPW/Core/App.class.php(156): FlexGateway->run()
#11 /opt/lampp/htdocs/StocksManager/StocksWeb/gateway.php(25): App->exec()
#12 {main}' in /opt/APP/StocksAPP/Lib/Action/Interface/MIS.class.php:39
Stack trace:
#0 /opt/APP/StocksAPP/Lib/Action/Code/CodeInfo.class.php(11): MIS->getInfoByCode('232312332')
#1 /opt/APP/StocksAPP/Services/StocksManager/StocksManager.php(207): CodeInfo->getInfoByCode('232312332')
#2 [internal function]: StocksManager->getInfoByCode('232312332')
#3 /opt/APP/FPW_1.1/Lib/AMF/shared/app/php5Executive.php(127): call_user_func_array(Array, Array)
#4 /opt/APP/FPW_1.1/Lib/AMF/shared/app/php5Executive.php(59): Executive::deferredMethodCall(Object(MessageBody), Object(StocksManager), 'getInfoByCode', Array)
#5 /opt/APP/FPW_1.1/Lib/AMF/amf/app/Actions.php(208): Executive::doMethodCall(Object(MessageBody), Object(StocksManager), 'getInfoByCode', Array)
#6 /opt/APP/FPW_1.1/Lib/AMF/amf/app/Filters.php(139): executionAction(Object(MessageBody))
#7 /opt/APP/FPW_1.1/Lib/AMF/amf/app/Gateway.php(177): batchProcessFilter(Object(AMFObject))
#8 /opt/APP/FPW_1.1/Lib/FPW/Core/FlexGateway.class.php(90): Gateway->service()
#9 /opt/APP/FPW_1.1/Lib/FPW/Core/App.class.php(156): FlexGateway->run()
#10 /opt/lampp/htdocs/StocksManager/StocksWeb/gateway.php(25): App->exec()
#11 {main}' in /opt/APP/StocksAPP/Lib/Action/Code/CodeInfo.class.php:25
Stack trace:
#0 /opt/APP/StocksAPP/Services/StocksManager/StocksManager.php(207): CodeInfo->getInfoByCode('232312332')
#1 [internal function]: StocksManager->getInfoByCode('232312332')
#2 /opt/APP/FPW_1.1/Lib/AMF/shared/app/php5Executive.php(127): call_user_func_array(Array, Array)
#3 /opt/APP/FPW_1.1/Lib/AMF/shared/app/php5Executive.php(59): Executive::deferredMethodCall(Object(MessageBody), Object(StocksManager), 'getInfoByCode', Array)
#4 /opt/APP/FPW_1.1/Lib/AMF/amf/app/Actions.php(208): Executive::doMethodCall(Object(MessageBody), Object(StocksManager), 'getInfoByCode', Array)
#5 /opt/APP/FPW_1.1/Lib/AMF/amf/app/Filters.php(139): executionAction(Object(MessageBody))
#6 /opt/APP/FPW_1.1/Lib/AMF/amf/app/Gateway.php(177): batchProcessFilter(Object(AMFObject))
#7 /opt/APP/FPW_1.1/Lib/FPW/Core/FlexGateway.class.php(90): Gateway->service()
#8 /opt/APP/FPW_1.1/Lib/FPW/Core/App.class.php(156): FlexGateway->run()
#9 /opt/lampp/htdocs/StocksManager/StocksWeb/gateway.php(25): App->exec()
#10 {main}
[ 08-09-27 10:08:03 ]
Array
(
)

[ 08-09-27 10:08:37 ]
Array
(
    [goodsName] => 电子表
)

