[ 08-11-26 10:37:49 ]
start confirmInStationBK3
[ 08-11-26 11:47:32 ]
starting confirm
[ 08-11-26 11:51:51 ]
starting confirm
[ 08-11-26 11:51:51 ]
scanneradd:192.168.1.199
[ 08-11-26 11:51:51 ]
port:8000
[ 08-11-26 11:51:51 ]
type:Type2
[ 08-11-26 11:53:56 ]
starting confirm
[ 08-11-26 11:53:56 ]
scanneradd:192.168.1.199
[ 08-11-26 11:53:56 ]
port:8000
[ 08-11-26 11:53:56 ]
type:Type2
[ 08-11-26 12:10:27 ]
scanneradd:192.168.1.199
[ 08-11-26 12:10:27 ]
port:8000
[ 08-11-26 12:10:27 ]
type:
[ 08-11-26 12:10:30 ]
starting confirm
[ 08-11-26 12:10:30 ]
scanneradd:192.168.1.199
[ 08-11-26 12:10:30 ]
port:8000
[ 08-11-26 12:10:30 ]
type:Type2
